*** Starting uWSGI 2.0.16 (64bit) on [Tue Mar  6 20:27:01 2018] ***
compiled with version: 4.2.1 Compatible Apple LLVM 9.0.0 (clang-900.0.39.2) on 20 February 2018 02:57:18
os: Darwin-17.4.0 Darwin Kernel Version 17.4.0: Sun Dec 17 09:19:54 PST 2017; root:xnu-4570.41.2~1/RELEASE_X86_64
nodename: IceCola.local
machine: x86_64
clock source: unix
pcre jit disabled
detected number of CPU cores: 4
current working directory: /Users/fanjialiang2401/Desktop/django_1/VENV_music/website
writing pidfile to /tmp/website.pid
detected binary path: /Users/fanjialiang2401/Desktop/django_1/VENV_music/bin/uwsgi
dropping root privileges as early as possible
chdir() to /Users/fanjialiang2401/Desktop/django_1/VENV_music/website
your processes number limit is 709
your memory page size is 4096 bytes
detected max file descriptor number: 10240
lock engine: OSX spinlocks
thunder lock: disabled (you can enable it with --thunder-lock)
uwsgi socket 0 bound to TCP address 127.0.0.1:8001 fd 3
dropping root privileges after socket binding
Python version: 2.7.10 (default, Jul 15 2017, 17:16:57)  [GCC 4.2.1 Compatible Apple LLVM 9.0.0 (clang-900.0.31)]
Set PythonHome to /Users/fanjialiang2401/Desktop/django_1/VENV_music
Python main interpreter initialized at 0x7fdfbdc060f0
dropping root privileges after plugin initialization
python threads support enabled
your server socket listen backlog is limited to 100 connections
your mercy for graceful operations on workers is 60 seconds
mapped 1030950 bytes (1006 KB) for 8 cores
*** Operational MODE: preforking+threaded ***
added ../ to pythonpath.
WSGI app 0 (mountpoint='') ready in 1 seconds on interpreter 0x7fdfbdc060f0 pid: 99300 (default app)
mountpoint  already configured. skip.
dropping root privileges after application loading
*** uWSGI is running in multiple interpreter mode ***
spawned uWSGI master process (pid: 99300)
spawned uWSGI worker 1 (pid: 99301, cores: 2)
spawned uWSGI worker 2 (pid: 99302, cores: 2)
spawned uWSGI worker 3 (pid: 99303, cores: 2)
spawned uWSGI worker 4 (pid: 99304, cores: 2)
*** Stats server enabled on 127.0.0.1:9191 fd: 15 ***
*** Starting uWSGI 2.0.16 (64bit) on [Tue Mar  6 20:27:07 2018] ***
compiled with version: 4.2.1 Compatible Apple LLVM 9.0.0 (clang-900.0.39.2) on 20 February 2018 02:57:18
os: Darwin-17.4.0 Darwin Kernel Version 17.4.0: Sun Dec 17 09:19:54 PST 2017; root:xnu-4570.41.2~1/RELEASE_X86_64
nodename: IceCola.local
machine: x86_64
clock source: unix
pcre jit disabled
detected number of CPU cores: 4
current working directory: /Users/fanjialiang2401/Desktop/django_1/VENV_music/website
writing pidfile to /tmp/website.pid
detected binary path: /Users/fanjialiang2401/Desktop/django_1/VENV_music/bin/uwsgi
dropping root privileges as early as possible
chdir() to /Users/fanjialiang2401/Desktop/django_1/VENV_music/website
your processes number limit is 709
your memory page size is 4096 bytes
detected max file descriptor number: 10240
lock engine: OSX spinlocks
thunder lock: disabled (you can enable it with --thunder-lock)
probably another instance of uWSGI is running on the same address (127.0.0.1:8001).
bind(): Address already in use [core/socket.c line 769]
uwsgi_proto_uwsgi_parser(): Resource temporarily unavailable [proto/uwsgi.c line 40]
uwsgi_proto_uwsgi_parser(): Resource temporarily unavailable [proto/uwsgi.c line 40]
uwsgi_proto_uwsgi_parser(): Resource temporarily unavailable [proto/uwsgi.c line 40]
uwsgi_proto_uwsgi_parser(): Resource temporarily unavailable [proto/uwsgi.c line 40]
uwsgi_proto_uwsgi_parser(): Resource temporarily unavailable [proto/uwsgi.c line 40]
uwsgi_proto_uwsgi_parser(): Resource temporarily unavailable [proto/uwsgi.c line 40]
uwsgi_proto_uwsgi_parser(): Resource temporarily unavailable [proto/uwsgi.c line 40]
uwsgi_proto_uwsgi_parser(): Resource temporarily unavailable [proto/uwsgi.c line 40]
uwsgi_proto_uwsgi_parser(): Resource temporarily unavailable [proto/uwsgi.c line 40]
uwsgi_proto_uwsgi_parser(): Resource temporarily unavailable [proto/uwsgi.c line 40]
uwsgi_proto_uwsgi_parser(): Resource temporarily unavailable [proto/uwsgi.c line 40]
Tue Mar  6 13:32:55 2018 - uWSGI worker 2 screams: UAAAAAAH my master disconnected: i will kill myself !!!
Tue Mar  6 13:32:55 2018 - uWSGI worker 3 screams: UAAAAAAH my master disconnected: i will kill myself !!!
Tue Mar  6 13:32:55 2018 - uWSGI worker 1 screams: UAAAAAAH my master disconnected: i will kill myself !!!
Tue Mar  6 13:32:55 2018 - uWSGI worker 1 screams: UAAAAAAH my master disconnected: i will kill myself !!!
Tue Mar  6 13:32:55 2018 - uWSGI worker 3 screams: UAAAAAAH my master disconnected: i will kill myself !!!
Tue Mar  6 13:32:55 2018 - uWSGI worker 2 screams: UAAAAAAH my master disconnected: i will kill myself !!!
Tue Mar  6 13:32:55 2018 - uWSGI worker 4 screams: UAAAAAAH my master disconnected: i will kill myself !!!
Tue Mar  6 13:32:55 2018 - uWSGI worker 4 screams: UAAAAAAH my master disconnected: i will kill myself !!!
